[2024-02-01 22:27:45] [info]  [16040] Apache Commons Daemon procrun (1.3.4.0 64-bit) started.
[2024-02-01 22:27:46] [info]  [16040] Running Service 'Tomcat9'...
[2024-02-01 22:27:46] [info]  [14776] Starting service...
[2024-02-01 22:27:47] [info]  [14776] Service started in 1246 milliseconds.
[2024-02-01 22:52:53] [info]  [16040] Service SERVICE_CONTROL_STOP signalled.
[2024-02-01 22:52:53] [info]  [17612] Stopping service...
[2024-02-01 22:52:54] [info]  [17612] Service stop thread completed.
[2024-02-01 22:52:54] [info]  [16040] Run service finished.
[2024-02-01 22:52:54] [info]  [16040] Apache Commons Daemon procrun finished.
[2024-02-01 22:53:05] [info]  [15388] Apache Commons Daemon procrun (1.3.4.0 64-bit) started.
[2024-02-01 22:53:05] [info]  [15388] Running Service 'Tomcat9'...
[2024-02-01 22:53:05] [info]  [ 9128] Starting service...
[2024-02-01 22:53:06] [info]  [ 9128] Service started in 1212 milliseconds.
[2024-02-01 22:54:59] [info]  [15388] Service SERVICE_CONTROL_STOP signalled.
[2024-02-01 22:54:59] [info]  [ 5800] Stopping service...
[2024-02-01 22:55:00] [info]  [ 5800] Service stop thread completed.
[2024-02-01 22:55:00] [info]  [15388] Run service finished.
[2024-02-01 22:55:00] [info]  [15388] Apache Commons Daemon procrun finished.
[2024-02-01 22:55:08] [info]  [21076] Apache Commons Daemon procrun (1.3.4.0 64-bit) started.
[2024-02-01 22:55:08] [info]  [21076] Running Service 'Tomcat9'...
[2024-02-01 22:55:08] [info]  [  148] Starting service...
[2024-02-01 22:55:09] [info]  [  148] Service started in 1213 milliseconds.
[2024-02-01 22:57:26] [info]  [21076] Service SERVICE_CONTROL_STOP signalled.
[2024-02-01 22:57:26] [info]  [ 2936] Stopping service...
[2024-02-01 22:57:27] [info]  [ 2936] Service stop thread completed.
[2024-02-01 22:57:27] [info]  [21076] Run service finished.
[2024-02-01 22:57:27] [info]  [21076] Apache Commons Daemon procrun finished.
[2024-02-01 22:57:39] [info]  [  252] Apache Commons Daemon procrun (1.3.4.0 64-bit) started.
[2024-02-01 22:57:39] [info]  [  252] Running Service 'Tomcat9'...
[2024-02-01 22:57:39] [info]  [ 5460] Starting service...
[2024-02-01 22:57:40] [info]  [ 5460] Service started in 1208 milliseconds.
[2024-02-01 22:59:37] [info]  [  252] Service SERVICE_CONTROL_STOP signalled.
[2024-02-01 22:59:37] [info]  [10628] Stopping service...
[2024-02-01 22:59:38] [info]  [10628] Service stop thread completed.
[2024-02-01 22:59:38] [info]  [  252] Run service finished.
[2024-02-01 22:59:38] [info]  [  252] Apache Commons Daemon procrun finished.
[2024-02-01 22:59:46] [info]  [18868] Apache Commons Daemon procrun (1.3.4.0 64-bit) started.
[2024-02-01 22:59:46] [info]  [18868] Running Service 'Tomcat9'...
[2024-02-01 22:59:46] [info]  [ 6568] Starting service...
[2024-02-01 22:59:48] [info]  [ 6568] Service started in 1237 milliseconds.
[2024-02-01 23:00:46] [info]  [18868] Service SERVICE_CONTROL_STOP signalled.
[2024-02-01 23:00:46] [info]  [20192] Stopping service...
[2024-02-01 23:00:47] [info]  [20192] Service stop thread completed.
[2024-02-01 23:00:47] [info]  [18868] Run service finished.
[2024-02-01 23:00:47] [info]  [18868] Apache Commons Daemon procrun finished.
[2024-02-01 23:00:55] [info]  [13284] Apache Commons Daemon procrun (1.3.4.0 64-bit) started.
[2024-02-01 23:00:55] [info]  [13284] Running Service 'Tomcat9'...
[2024-02-01 23:00:55] [info]  [17200] Starting service...
[2024-02-01 23:00:56] [info]  [17200] Service started in 1195 milliseconds.
