01-Feb-2024 22:27:48.439 INFO [main] org.apache.catalina.core.ApplicationContext.log ContextListener: contextInitialized()
01-Feb-2024 22:27:48.439 INFO [main] org.apache.catalina.core.ApplicationContext.log SessionListener: contextInitialized()
01-Feb-2024 22:27:48.442 INFO [main] org.apache.catalina.core.ApplicationContext.log ContextListener: attributeAdded('StockTicker', 'async.Stockticker@1d9bec4d')
01-Feb-2024 22:52:53.437 INFO [Thread-2] org.apache.catalina.core.ApplicationContext.log SessionListener: contextDestroyed()
01-Feb-2024 22:52:53.437 INFO [Thread-2] org.apache.catalina.core.ApplicationContext.log ContextListener: contextDestroyed()
01-Feb-2024 22:53:07.277 INFO [main] org.apache.catalina.core.ApplicationContext.log ContextListener: contextInitialized()
01-Feb-2024 22:53:07.277 INFO [main] org.apache.catalina.core.ApplicationContext.log SessionListener: contextInitialized()
01-Feb-2024 22:53:07.280 INFO [main] org.apache.catalina.core.ApplicationContext.log ContextListener: attributeAdded('StockTicker', 'async.Stockticker@5f2606b')
01-Feb-2024 22:54:59.187 INFO [Thread-2] org.apache.catalina.core.ApplicationContext.log SessionListener: contextDestroyed()
01-Feb-2024 22:54:59.188 INFO [Thread-2] org.apache.catalina.core.ApplicationContext.log ContextListener: contextDestroyed()
01-Feb-2024 22:55:10.546 INFO [main] org.apache.catalina.core.ApplicationContext.log ContextListener: contextInitialized()
01-Feb-2024 22:55:10.547 INFO [main] org.apache.catalina.core.ApplicationContext.log SessionListener: contextInitialized()
01-Feb-2024 22:55:10.549 INFO [main] org.apache.catalina.core.ApplicationContext.log ContextListener: attributeAdded('StockTicker', 'async.Stockticker@2b58f754')
01-Feb-2024 22:57:26.412 INFO [Thread-2] org.apache.catalina.core.ApplicationContext.log SessionListener: contextDestroyed()
01-Feb-2024 22:57:26.412 INFO [Thread-2] org.apache.catalina.core.ApplicationContext.log ContextListener: contextDestroyed()
01-Feb-2024 22:57:41.723 INFO [main] org.apache.catalina.core.ApplicationContext.log ContextListener: contextInitialized()
01-Feb-2024 22:57:41.723 INFO [main] org.apache.catalina.core.ApplicationContext.log SessionListener: contextInitialized()
01-Feb-2024 22:57:41.727 INFO [main] org.apache.catalina.core.ApplicationContext.log ContextListener: attributeAdded('StockTicker', 'async.Stockticker@5d5d9e5')
01-Feb-2024 22:59:37.963 INFO [Thread-2] org.apache.catalina.core.ApplicationContext.log SessionListener: contextDestroyed()
01-Feb-2024 22:59:37.963 INFO [Thread-2] org.apache.catalina.core.ApplicationContext.log ContextListener: contextDestroyed()
01-Feb-2024 22:59:48.948 INFO [main] org.apache.catalina.core.ApplicationContext.log ContextListener: contextInitialized()
01-Feb-2024 22:59:48.948 INFO [main] org.apache.catalina.core.ApplicationContext.log SessionListener: contextInitialized()
01-Feb-2024 22:59:48.953 INFO [main] org.apache.catalina.core.ApplicationContext.log ContextListener: attributeAdded('StockTicker', 'async.Stockticker@33352f32')
01-Feb-2024 23:00:46.472 INFO [Thread-2] org.apache.catalina.core.ApplicationContext.log SessionListener: contextDestroyed()
01-Feb-2024 23:00:46.472 INFO [Thread-2] org.apache.catalina.core.ApplicationContext.log ContextListener: contextDestroyed()
01-Feb-2024 23:00:58.149 INFO [main] org.apache.catalina.core.ApplicationContext.log ContextListener: contextInitialized()
01-Feb-2024 23:00:58.149 INFO [main] org.apache.catalina.core.ApplicationContext.log SessionListener: contextInitialized()
01-Feb-2024 23:00:58.151 INFO [main] org.apache.catalina.core.ApplicationContext.log ContextListener: attributeAdded('StockTicker', 'async.Stockticker@60fa3495')
