
2024-02-01 22:27:46 Apache Commons Daemon procrun stderr initialized.
01-Feb-2024 22:27:46.655 INFO [main] org.apache.catalina.startup.VersionLoggerListener.log Server version name:   Apache Tomcat/9.0.85
01-Feb-2024 22:27:46.661 INFO [main] org.apache.catalina.startup.VersionLoggerListener.log Server built:          Jan 5 2024 08:28:07 UTC
01-Feb-2024 22:27:46.662 INFO [main] org.apache.catalina.startup.VersionLoggerListener.log Server version number: 9.0.85.0
01-Feb-2024 22:27:46.662 INFO [main] org.apache.catalina.startup.VersionLoggerListener.log OS Name:               Windows 10
01-Feb-2024 22:27:46.662 INFO [main] org.apache.catalina.startup.VersionLoggerListener.log OS Version:            10.0
01-Feb-2024 22:27:46.662 INFO [main] org.apache.catalina.startup.VersionLoggerListener.log Architecture:          amd64
01-Feb-2024 22:27:46.663 INFO [main] org.apache.catalina.startup.VersionLoggerListener.log Java Home:             C:\Program Files\Java\jdk-20
01-Feb-2024 22:27:46.663 INFO [main] org.apache.catalina.startup.VersionLoggerListener.log JVM Version:           20.0.2+9-78
01-Feb-2024 22:27:46.663 INFO [main] org.apache.catalina.startup.VersionLoggerListener.log JVM Vendor:            Oracle Corporation
01-Feb-2024 22:27:46.663 INFO [main] org.apache.catalina.startup.VersionLoggerListener.log CATALINA_BASE:         C:\Users\User\Desktop\servlet\apache-tomcat-9.0.85
01-Feb-2024 22:27:46.664 INFO [main] org.apache.catalina.startup.VersionLoggerListener.log CATALINA_HOME:         C:\Users\User\Desktop\servlet\apache-tomcat-9.0.85
01-Feb-2024 22:27:46.713 INFO [main] org.apache.catalina.startup.VersionLoggerListener.log Command line argument: -Dcatalina.home=C:\Users\User\Desktop\servlet\apache-tomcat-9.0.85
01-Feb-2024 22:27:46.713 INFO [main] org.apache.catalina.startup.VersionLoggerListener.log Command line argument: -Dcatalina.base=C:\Users\User\Desktop\servlet\apache-tomcat-9.0.85
01-Feb-2024 22:27:46.714 INFO [main] org.apache.catalina.startup.VersionLoggerListener.log Command line argument: -Dignore.endorsed.dirs=C:\Users\User\Desktop\servlet\apache-tomcat-9.0.85\endorsed
01-Feb-2024 22:27:46.714 INFO [main] org.apache.catalina.startup.VersionLoggerListener.log Command line argument: -Djava.io.tmpdir=C:\Users\User\Desktop\servlet\apache-tomcat-9.0.85\temp
01-Feb-2024 22:27:46.714 INFO [main] org.apache.catalina.startup.VersionLoggerListener.log Command line argument: -Djava.util.logging.manager=org.apache.juli.ClassLoaderLogManager
01-Feb-2024 22:27:46.714 INFO [main] org.apache.catalina.startup.VersionLoggerListener.log Command line argument: -Djava.util.logging.config.file=C:\Users\User\Desktop\servlet\apache-tomcat-9.0.85\conf\logging.properties
01-Feb-2024 22:27:46.714 INFO [main] org.apache.catalina.startup.VersionLoggerListener.log Command line argument: --add-opens=java.base/java.lang=ALL-UNNAMED
01-Feb-2024 22:27:46.714 INFO [main] org.apache.catalina.startup.VersionLoggerListener.log Command line argument: --add-opens=java.base/java.io=ALL-UNNAMED
01-Feb-2024 22:27:46.714 INFO [main] org.apache.catalina.startup.VersionLoggerListener.log Command line argument: --add-opens=java.base/java.util=ALL-UNNAMED
01-Feb-2024 22:27:46.715 INFO [main] org.apache.catalina.startup.VersionLoggerListener.log Command line argument: --add-opens=java.base/java.util.concurrent=ALL-UNNAMED
01-Feb-2024 22:27:46.715 INFO [main] org.apache.catalina.startup.VersionLoggerListener.log Command line argument: --add-opens=java.rmi/sun.rmi.transport=ALL-UNNAMED
01-Feb-2024 22:27:46.715 INFO [main] org.apache.catalina.startup.VersionLoggerListener.log Command line argument: exit
01-Feb-2024 22:27:46.715 INFO [main] org.apache.catalina.startup.VersionLoggerListener.log Command line argument: abort
01-Feb-2024 22:27:46.715 INFO [main] org.apache.catalina.startup.VersionLoggerListener.log Command line argument: -Xms128m
01-Feb-2024 22:27:46.716 INFO [main] org.apache.catalina.startup.VersionLoggerListener.log Command line argument: -Xmx256m
01-Feb-2024 22:27:46.720 INFO [main] org.apache.catalina.core.AprLifecycleListener.lifecycleEvent Loaded Apache Tomcat Native library [1.2.39] using APR version [1.7.4].
01-Feb-2024 22:27:46.720 INFO [main] org.apache.catalina.core.AprLifecycleListener.lifecycleEvent APR capabilities: IPv6 [true], sendfile [true], accept filters [false], random [true], UDS [true].
01-Feb-2024 22:27:46.720 INFO [main] org.apache.catalina.core.AprLifecycleListener.lifecycleEvent APR/OpenSSL configuration: useAprConnector [false], useOpenSSL [true]
01-Feb-2024 22:27:46.730 INFO [main] org.apache.catalina.core.AprLifecycleListener.initializeSSL OpenSSL successfully initialized [OpenSSL 3.0.11 19 Sep 2023]
01-Feb-2024 22:27:47.292 INFO [main] org.apache.coyote.AbstractProtocol.init Initializing ProtocolHandler ["http-nio-8080"]
01-Feb-2024 22:27:47.370 INFO [main] org.apache.catalina.startup.Catalina.load Server initialization in [1025] milliseconds
01-Feb-2024 22:27:47.494 INFO [main] org.apache.catalina.core.StandardService.startInternal Starting service [Catalina]
01-Feb-2024 22:27:47.495 INFO [main] org.apache.catalina.core.StandardEngine.startInternal Starting Servlet engine: [Apache Tomcat/9.0.85]
01-Feb-2024 22:27:47.510 INFO [main] org.apache.catalina.startup.HostConfig.deployDirectory Deploying web application directory [C:\Users\User\Desktop\servlet\apache-tomcat-9.0.85\webapps\docs]
01-Feb-2024 22:27:47.983 INFO [main] org.apache.catalina.startup.HostConfig.deployDirectory Deployment of web application directory [C:\Users\User\Desktop\servlet\apache-tomcat-9.0.85\webapps\docs] has finished in [472] ms
01-Feb-2024 22:27:47.984 INFO [main] org.apache.catalina.startup.HostConfig.deployDirectory Deploying web application directory [C:\Users\User\Desktop\servlet\apache-tomcat-9.0.85\webapps\examples]
01-Feb-2024 22:27:48.455 INFO [main] org.apache.catalina.startup.HostConfig.deployDirectory Deployment of web application directory [C:\Users\User\Desktop\servlet\apache-tomcat-9.0.85\webapps\examples] has finished in [471] ms
01-Feb-2024 22:27:48.456 INFO [main] org.apache.catalina.startup.HostConfig.deployDirectory Deploying web application directory [C:\Users\User\Desktop\servlet\apache-tomcat-9.0.85\webapps\host-manager]
01-Feb-2024 22:27:48.492 INFO [main] org.apache.catalina.startup.HostConfig.deployDirectory Deployment of web application directory [C:\Users\User\Desktop\servlet\apache-tomcat-9.0.85\webapps\host-manager] has finished in [36] ms
01-Feb-2024 22:27:48.493 INFO [main] org.apache.catalina.startup.HostConfig.deployDirectory Deploying web application directory [C:\Users\User\Desktop\servlet\apache-tomcat-9.0.85\webapps\manager]
01-Feb-2024 22:27:48.525 INFO [main] org.apache.catalina.startup.HostConfig.deployDirectory Deployment of web application directory [C:\Users\User\Desktop\servlet\apache-tomcat-9.0.85\webapps\manager] has finished in [33] ms
01-Feb-2024 22:27:48.526 INFO [main] org.apache.catalina.startup.HostConfig.deployDirectory Deploying web application directory [C:\Users\User\Desktop\servlet\apache-tomcat-9.0.85\webapps\myServlet]
01-Feb-2024 22:27:48.562 INFO [main] org.apache.catalina.startup.HostConfig.deployDirectory Deployment of web application directory [C:\Users\User\Desktop\servlet\apache-tomcat-9.0.85\webapps\myServlet] has finished in [37] ms
01-Feb-2024 22:27:48.562 INFO [main] org.apache.catalina.startup.HostConfig.deployDirectory Deploying web application directory [C:\Users\User\Desktop\servlet\apache-tomcat-9.0.85\webapps\ROOT]
01-Feb-2024 22:27:48.588 INFO [main] org.apache.catalina.startup.HostConfig.deployDirectory Deployment of web application directory [C:\Users\User\Desktop\servlet\apache-tomcat-9.0.85\webapps\ROOT] has finished in [26] ms
01-Feb-2024 22:27:48.593 INFO [main] org.apache.coyote.AbstractProtocol.start Starting ProtocolHandler ["http-nio-8080"]
01-Feb-2024 22:27:48.647 INFO [main] org.apache.catalina.startup.Catalina.start Server startup in [1274] milliseconds
01-Feb-2024 22:52:53.402 INFO [Thread-2] org.apache.coyote.AbstractProtocol.pause Pausing ProtocolHandler ["http-nio-8080"]
01-Feb-2024 22:52:53.420 INFO [Thread-2] org.apache.catalina.core.StandardService.stopInternal Stopping service [Catalina]
01-Feb-2024 22:52:53.451 INFO [Thread-2] org.apache.coyote.AbstractProtocol.stop Stopping ProtocolHandler ["http-nio-8080"]
01-Feb-2024 22:52:53.465 INFO [Thread-2] org.apache.coyote.AbstractProtocol.destroy Destroying ProtocolHandler ["http-nio-8080"]

2024-02-01 22:53:05 Apache Commons Daemon procrun stderr initialized.
01-Feb-2024 22:53:05.746 INFO [main] org.apache.catalina.startup.VersionLoggerListener.log Server version name:   Apache Tomcat/9.0.85
01-Feb-2024 22:53:05.753 INFO [main] org.apache.catalina.startup.VersionLoggerListener.log Server built:          Jan 5 2024 08:28:07 UTC
01-Feb-2024 22:53:05.753 INFO [main] org.apache.catalina.startup.VersionLoggerListener.log Server version number: 9.0.85.0
01-Feb-2024 22:53:05.754 INFO [main] org.apache.catalina.startup.VersionLoggerListener.log OS Name:               Windows 10
01-Feb-2024 22:53:05.754 INFO [main] org.apache.catalina.startup.VersionLoggerListener.log OS Version:            10.0
01-Feb-2024 22:53:05.754 INFO [main] org.apache.catalina.startup.VersionLoggerListener.log Architecture:          amd64
01-Feb-2024 22:53:05.754 INFO [main] org.apache.catalina.startup.VersionLoggerListener.log Java Home:             C:\Program Files\Java\jdk-20
01-Feb-2024 22:53:05.755 INFO [main] org.apache.catalina.startup.VersionLoggerListener.log JVM Version:           20.0.2+9-78
01-Feb-2024 22:53:05.755 INFO [main] org.apache.catalina.startup.VersionLoggerListener.log JVM Vendor:            Oracle Corporation
01-Feb-2024 22:53:05.755 INFO [main] org.apache.catalina.startup.VersionLoggerListener.log CATALINA_BASE:         C:\Users\User\Desktop\servlet\apache-tomcat-9.0.85
01-Feb-2024 22:53:05.755 INFO [main] org.apache.catalina.startup.VersionLoggerListener.log CATALINA_HOME:         C:\Users\User\Desktop\servlet\apache-tomcat-9.0.85
01-Feb-2024 22:53:05.772 INFO [main] org.apache.catalina.startup.VersionLoggerListener.log Command line argument: -Dcatalina.home=C:\Users\User\Desktop\servlet\apache-tomcat-9.0.85
01-Feb-2024 22:53:05.772 INFO [main] org.apache.catalina.startup.VersionLoggerListener.log Command line argument: -Dcatalina.base=C:\Users\User\Desktop\servlet\apache-tomcat-9.0.85
01-Feb-2024 22:53:05.773 INFO [main] org.apache.catalina.startup.VersionLoggerListener.log Command line argument: -Dignore.endorsed.dirs=C:\Users\User\Desktop\servlet\apache-tomcat-9.0.85\endorsed
01-Feb-2024 22:53:05.773 INFO [main] org.apache.catalina.startup.VersionLoggerListener.log Command line argument: -Djava.io.tmpdir=C:\Users\User\Desktop\servlet\apache-tomcat-9.0.85\temp
01-Feb-2024 22:53:05.773 INFO [main] org.apache.catalina.startup.VersionLoggerListener.log Command line argument: -Djava.util.logging.manager=org.apache.juli.ClassLoaderLogManager
01-Feb-2024 22:53:05.773 INFO [main] org.apache.catalina.startup.VersionLoggerListener.log Command line argument: -Djava.util.logging.config.file=C:\Users\User\Desktop\servlet\apache-tomcat-9.0.85\conf\logging.properties
01-Feb-2024 22:53:05.773 INFO [main] org.apache.catalina.startup.VersionLoggerListener.log Command line argument: --add-opens=java.base/java.lang=ALL-UNNAMED
01-Feb-2024 22:53:05.773 INFO [main] org.apache.catalina.startup.VersionLoggerListener.log Command line argument: --add-opens=java.base/java.io=ALL-UNNAMED
01-Feb-2024 22:53:05.774 INFO [main] org.apache.catalina.startup.VersionLoggerListener.log Command line argument: --add-opens=java.base/java.util=ALL-UNNAMED
01-Feb-2024 22:53:05.774 INFO [main] org.apache.catalina.startup.VersionLoggerListener.log Command line argument: --add-opens=java.base/java.util.concurrent=ALL-UNNAMED
01-Feb-2024 22:53:05.774 INFO [main] org.apache.catalina.startup.VersionLoggerListener.log Command line argument: --add-opens=java.rmi/sun.rmi.transport=ALL-UNNAMED
01-Feb-2024 22:53:05.774 INFO [main] org.apache.catalina.startup.VersionLoggerListener.log Command line argument: exit
01-Feb-2024 22:53:05.774 INFO [main] org.apache.catalina.startup.VersionLoggerListener.log Command line argument: abort
01-Feb-2024 22:53:05.775 INFO [main] org.apache.catalina.startup.VersionLoggerListener.log Command line argument: -Xms128m
01-Feb-2024 22:53:05.775 INFO [main] org.apache.catalina.startup.VersionLoggerListener.log Command line argument: -Xmx256m
01-Feb-2024 22:53:05.779 INFO [main] org.apache.catalina.core.AprLifecycleListener.lifecycleEvent Loaded Apache Tomcat Native library [1.2.39] using APR version [1.7.4].
01-Feb-2024 22:53:05.779 INFO [main] org.apache.catalina.core.AprLifecycleListener.lifecycleEvent APR capabilities: IPv6 [true], sendfile [true], accept filters [false], random [true], UDS [true].
01-Feb-2024 22:53:05.779 INFO [main] org.apache.catalina.core.AprLifecycleListener.lifecycleEvent APR/OpenSSL configuration: useAprConnector [false], useOpenSSL [true]
01-Feb-2024 22:53:05.786 INFO [main] org.apache.catalina.core.AprLifecycleListener.initializeSSL OpenSSL successfully initialized [OpenSSL 3.0.11 19 Sep 2023]
01-Feb-2024 22:53:06.296 INFO [main] org.apache.coyote.AbstractProtocol.init Initializing ProtocolHandler ["http-nio-8080"]
01-Feb-2024 22:53:06.336 INFO [main] org.apache.catalina.startup.Catalina.load Server initialization in [899] milliseconds
01-Feb-2024 22:53:06.399 INFO [main] org.apache.catalina.core.StandardService.startInternal Starting service [Catalina]
01-Feb-2024 22:53:06.399 INFO [main] org.apache.catalina.core.StandardEngine.startInternal Starting Servlet engine: [Apache Tomcat/9.0.85]
01-Feb-2024 22:53:06.416 INFO [main] org.apache.catalina.startup.HostConfig.deployDirectory Deploying web application directory [C:\Users\User\Desktop\servlet\apache-tomcat-9.0.85\webapps\docs]
01-Feb-2024 22:53:06.852 INFO [main] org.apache.catalina.startup.HostConfig.deployDirectory Deployment of web application directory [C:\Users\User\Desktop\servlet\apache-tomcat-9.0.85\webapps\docs] has finished in [435] ms
01-Feb-2024 22:53:06.853 INFO [main] org.apache.catalina.startup.HostConfig.deployDirectory Deploying web application directory [C:\Users\User\Desktop\servlet\apache-tomcat-9.0.85\webapps\examples]
01-Feb-2024 22:53:07.295 INFO [main] org.apache.catalina.startup.HostConfig.deployDirectory Deployment of web application directory [C:\Users\User\Desktop\servlet\apache-tomcat-9.0.85\webapps\examples] has finished in [442] ms
01-Feb-2024 22:53:07.295 INFO [main] org.apache.catalina.startup.HostConfig.deployDirectory Deploying web application directory [C:\Users\User\Desktop\servlet\apache-tomcat-9.0.85\webapps\host-manager]
01-Feb-2024 22:53:07.336 INFO [main] org.apache.catalina.startup.HostConfig.deployDirectory Deployment of web application directory [C:\Users\User\Desktop\servlet\apache-tomcat-9.0.85\webapps\host-manager] has finished in [41] ms
01-Feb-2024 22:53:07.336 INFO [main] org.apache.catalina.startup.HostConfig.deployDirectory Deploying web application directory [C:\Users\User\Desktop\servlet\apache-tomcat-9.0.85\webapps\manager]
01-Feb-2024 22:53:07.375 INFO [main] org.apache.catalina.startup.HostConfig.deployDirectory Deployment of web application directory [C:\Users\User\Desktop\servlet\apache-tomcat-9.0.85\webapps\manager] has finished in [39] ms
01-Feb-2024 22:53:07.376 INFO [main] org.apache.catalina.startup.HostConfig.deployDirectory Deploying web application directory [C:\Users\User\Desktop\servlet\apache-tomcat-9.0.85\webapps\myServlet]
01-Feb-2024 22:53:07.407 INFO [main] org.apache.catalina.startup.HostConfig.deployDirectory Deployment of web application directory [C:\Users\User\Desktop\servlet\apache-tomcat-9.0.85\webapps\myServlet] has finished in [31] ms
01-Feb-2024 22:53:07.407 INFO [main] org.apache.catalina.startup.HostConfig.deployDirectory Deploying web application directory [C:\Users\User\Desktop\servlet\apache-tomcat-9.0.85\webapps\ROOT]
01-Feb-2024 22:53:07.430 INFO [main] org.apache.catalina.startup.HostConfig.deployDirectory Deployment of web application directory [C:\Users\User\Desktop\servlet\apache-tomcat-9.0.85\webapps\ROOT] has finished in [22] ms
01-Feb-2024 22:53:07.433 INFO [main] org.apache.coyote.AbstractProtocol.start Starting ProtocolHandler ["http-nio-8080"]
01-Feb-2024 22:53:07.481 INFO [main] org.apache.catalina.startup.Catalina.start Server startup in [1142] milliseconds
01-Feb-2024 22:54:59.145 INFO [Thread-2] org.apache.coyote.AbstractProtocol.pause Pausing ProtocolHandler ["http-nio-8080"]
01-Feb-2024 22:54:59.166 INFO [Thread-2] org.apache.catalina.core.StandardService.stopInternal Stopping service [Catalina]
01-Feb-2024 22:54:59.200 INFO [Thread-2] org.apache.coyote.AbstractProtocol.stop Stopping ProtocolHandler ["http-nio-8080"]
01-Feb-2024 22:54:59.207 INFO [Thread-2] org.apache.coyote.AbstractProtocol.destroy Destroying ProtocolHandler ["http-nio-8080"]

2024-02-01 22:55:08 Apache Commons Daemon procrun stderr initialized.
01-Feb-2024 22:55:08.967 INFO [main] org.apache.catalina.startup.VersionLoggerListener.log Server version name:   Apache Tomcat/9.0.85
01-Feb-2024 22:55:08.971 INFO [main] org.apache.catalina.startup.VersionLoggerListener.log Server built:          Jan 5 2024 08:28:07 UTC
01-Feb-2024 22:55:08.972 INFO [main] org.apache.catalina.startup.VersionLoggerListener.log Server version number: 9.0.85.0
01-Feb-2024 22:55:08.972 INFO [main] org.apache.catalina.startup.VersionLoggerListener.log OS Name:               Windows 10
01-Feb-2024 22:55:08.973 INFO [main] org.apache.catalina.startup.VersionLoggerListener.log OS Version:            10.0
01-Feb-2024 22:55:08.973 INFO [main] org.apache.catalina.startup.VersionLoggerListener.log Architecture:          amd64
01-Feb-2024 22:55:08.973 INFO [main] org.apache.catalina.startup.VersionLoggerListener.log Java Home:             C:\Program Files\Java\jdk-20
01-Feb-2024 22:55:08.974 INFO [main] org.apache.catalina.startup.VersionLoggerListener.log JVM Version:           20.0.2+9-78
01-Feb-2024 22:55:08.974 INFO [main] org.apache.catalina.startup.VersionLoggerListener.log JVM Vendor:            Oracle Corporation
01-Feb-2024 22:55:08.974 INFO [main] org.apache.catalina.startup.VersionLoggerListener.log CATALINA_BASE:         C:\Users\User\Desktop\servlet\apache-tomcat-9.0.85
01-Feb-2024 22:55:08.974 INFO [main] org.apache.catalina.startup.VersionLoggerListener.log CATALINA_HOME:         C:\Users\User\Desktop\servlet\apache-tomcat-9.0.85
01-Feb-2024 22:55:08.989 INFO [main] org.apache.catalina.startup.VersionLoggerListener.log Command line argument: -Dcatalina.home=C:\Users\User\Desktop\servlet\apache-tomcat-9.0.85
01-Feb-2024 22:55:08.990 INFO [main] org.apache.catalina.startup.VersionLoggerListener.log Command line argument: -Dcatalina.base=C:\Users\User\Desktop\servlet\apache-tomcat-9.0.85
01-Feb-2024 22:55:08.990 INFO [main] org.apache.catalina.startup.VersionLoggerListener.log Command line argument: -Dignore.endorsed.dirs=C:\Users\User\Desktop\servlet\apache-tomcat-9.0.85\endorsed
01-Feb-2024 22:55:08.990 INFO [main] org.apache.catalina.startup.VersionLoggerListener.log Command line argument: -Djava.io.tmpdir=C:\Users\User\Desktop\servlet\apache-tomcat-9.0.85\temp
01-Feb-2024 22:55:08.990 INFO [main] org.apache.catalina.startup.VersionLoggerListener.log Command line argument: -Djava.util.logging.manager=org.apache.juli.ClassLoaderLogManager
01-Feb-2024 22:55:08.990 INFO [main] org.apache.catalina.startup.VersionLoggerListener.log Command line argument: -Djava.util.logging.config.file=C:\Users\User\Desktop\servlet\apache-tomcat-9.0.85\conf\logging.properties
01-Feb-2024 22:55:08.991 INFO [main] org.apache.catalina.startup.VersionLoggerListener.log Command line argument: --add-opens=java.base/java.lang=ALL-UNNAMED
01-Feb-2024 22:55:08.991 INFO [main] org.apache.catalina.startup.VersionLoggerListener.log Command line argument: --add-opens=java.base/java.io=ALL-UNNAMED
01-Feb-2024 22:55:08.991 INFO [main] org.apache.catalina.startup.VersionLoggerListener.log Command line argument: --add-opens=java.base/java.util=ALL-UNNAMED
01-Feb-2024 22:55:08.991 INFO [main] org.apache.catalina.startup.VersionLoggerListener.log Command line argument: --add-opens=java.base/java.util.concurrent=ALL-UNNAMED
01-Feb-2024 22:55:08.992 INFO [main] org.apache.catalina.startup.VersionLoggerListener.log Command line argument: --add-opens=java.rmi/sun.rmi.transport=ALL-UNNAMED
01-Feb-2024 22:55:08.992 INFO [main] org.apache.catalina.startup.VersionLoggerListener.log Command line argument: exit
01-Feb-2024 22:55:08.992 INFO [main] org.apache.catalina.startup.VersionLoggerListener.log Command line argument: abort
01-Feb-2024 22:55:08.993 INFO [main] org.apache.catalina.startup.VersionLoggerListener.log Command line argument: -Xms128m
01-Feb-2024 22:55:08.993 INFO [main] org.apache.catalina.startup.VersionLoggerListener.log Command line argument: -Xmx256m
01-Feb-2024 22:55:09.002 INFO [main] org.apache.catalina.core.AprLifecycleListener.lifecycleEvent Loaded Apache Tomcat Native library [1.2.39] using APR version [1.7.4].
01-Feb-2024 22:55:09.003 INFO [main] org.apache.catalina.core.AprLifecycleListener.lifecycleEvent APR capabilities: IPv6 [true], sendfile [true], accept filters [false], random [true], UDS [true].
01-Feb-2024 22:55:09.003 INFO [main] org.apache.catalina.core.AprLifecycleListener.lifecycleEvent APR/OpenSSL configuration: useAprConnector [false], useOpenSSL [true]
01-Feb-2024 22:55:09.015 INFO [main] org.apache.catalina.core.AprLifecycleListener.initializeSSL OpenSSL successfully initialized [OpenSSL 3.0.11 19 Sep 2023]
01-Feb-2024 22:55:09.456 INFO [main] org.apache.coyote.AbstractProtocol.init Initializing ProtocolHandler ["http-nio-8080"]
01-Feb-2024 22:55:09.490 INFO [main] org.apache.catalina.startup.Catalina.load Server initialization in [856] milliseconds
01-Feb-2024 22:55:09.569 INFO [main] org.apache.catalina.core.StandardService.startInternal Starting service [Catalina]
01-Feb-2024 22:55:09.569 INFO [main] org.apache.catalina.core.StandardEngine.startInternal Starting Servlet engine: [Apache Tomcat/9.0.85]
01-Feb-2024 22:55:09.582 INFO [main] org.apache.catalina.startup.HostConfig.deployDirectory Deploying web application directory [C:\Users\User\Desktop\servlet\apache-tomcat-9.0.85\webapps\docs]
01-Feb-2024 22:55:10.044 INFO [main] org.apache.catalina.startup.HostConfig.deployDirectory Deployment of web application directory [C:\Users\User\Desktop\servlet\apache-tomcat-9.0.85\webapps\docs] has finished in [461] ms
01-Feb-2024 22:55:10.045 INFO [main] org.apache.catalina.startup.HostConfig.deployDirectory Deploying web application directory [C:\Users\User\Desktop\servlet\apache-tomcat-9.0.85\webapps\examples]
01-Feb-2024 22:55:10.567 INFO [main] org.apache.catalina.startup.HostConfig.deployDirectory Deployment of web application directory [C:\Users\User\Desktop\servlet\apache-tomcat-9.0.85\webapps\examples] has finished in [522] ms
01-Feb-2024 22:55:10.567 INFO [main] org.apache.catalina.startup.HostConfig.deployDirectory Deploying web application directory [C:\Users\User\Desktop\servlet\apache-tomcat-9.0.85\webapps\host-manager]
01-Feb-2024 22:55:10.611 INFO [main] org.apache.catalina.startup.HostConfig.deployDirectory Deployment of web application directory [C:\Users\User\Desktop\servlet\apache-tomcat-9.0.85\webapps\host-manager] has finished in [44] ms
01-Feb-2024 22:55:10.611 INFO [main] org.apache.catalina.startup.HostConfig.deployDirectory Deploying web application directory [C:\Users\User\Desktop\servlet\apache-tomcat-9.0.85\webapps\manager]
01-Feb-2024 22:55:10.645 INFO [main] org.apache.catalina.startup.HostConfig.deployDirectory Deployment of web application directory [C:\Users\User\Desktop\servlet\apache-tomcat-9.0.85\webapps\manager] has finished in [34] ms
01-Feb-2024 22:55:10.645 INFO [main] org.apache.catalina.startup.HostConfig.deployDirectory Deploying web application directory [C:\Users\User\Desktop\servlet\apache-tomcat-9.0.85\webapps\myServlet]
01-Feb-2024 22:55:10.675 INFO [main] org.apache.catalina.startup.HostConfig.deployDirectory Deployment of web application directory [C:\Users\User\Desktop\servlet\apache-tomcat-9.0.85\webapps\myServlet] has finished in [30] ms
01-Feb-2024 22:55:10.676 INFO [main] org.apache.catalina.startup.HostConfig.deployDirectory Deploying web application directory [C:\Users\User\Desktop\servlet\apache-tomcat-9.0.85\webapps\ROOT]
01-Feb-2024 22:55:10.700 INFO [main] org.apache.catalina.startup.HostConfig.deployDirectory Deployment of web application directory [C:\Users\User\Desktop\servlet\apache-tomcat-9.0.85\webapps\ROOT] has finished in [25] ms
01-Feb-2024 22:55:10.704 INFO [main] org.apache.coyote.AbstractProtocol.start Starting ProtocolHandler ["http-nio-8080"]
01-Feb-2024 22:55:10.753 INFO [main] org.apache.catalina.startup.Catalina.start Server startup in [1261] milliseconds
01-Feb-2024 22:57:26.370 INFO [Thread-2] org.apache.coyote.AbstractProtocol.pause Pausing ProtocolHandler ["http-nio-8080"]
01-Feb-2024 22:57:26.387 INFO [Thread-2] org.apache.catalina.core.StandardService.stopInternal Stopping service [Catalina]
01-Feb-2024 22:57:26.429 INFO [Thread-2] org.apache.coyote.AbstractProtocol.stop Stopping ProtocolHandler ["http-nio-8080"]
01-Feb-2024 22:57:26.447 INFO [Thread-2] org.apache.coyote.AbstractProtocol.destroy Destroying ProtocolHandler ["http-nio-8080"]

2024-02-01 22:57:39 Apache Commons Daemon procrun stderr initialized.
01-Feb-2024 22:57:40.126 INFO [main] org.apache.catalina.startup.VersionLoggerListener.log Server version name:   Apache Tomcat/9.0.85
01-Feb-2024 22:57:40.131 INFO [main] org.apache.catalina.startup.VersionLoggerListener.log Server built:          Jan 5 2024 08:28:07 UTC
01-Feb-2024 22:57:40.132 INFO [main] org.apache.catalina.startup.VersionLoggerListener.log Server version number: 9.0.85.0
01-Feb-2024 22:57:40.132 INFO [main] org.apache.catalina.startup.VersionLoggerListener.log OS Name:               Windows 10
01-Feb-2024 22:57:40.132 INFO [main] org.apache.catalina.startup.VersionLoggerListener.log OS Version:            10.0
01-Feb-2024 22:57:40.132 INFO [main] org.apache.catalina.startup.VersionLoggerListener.log Architecture:          amd64
01-Feb-2024 22:57:40.132 INFO [main] org.apache.catalina.startup.VersionLoggerListener.log Java Home:             C:\Program Files\Java\jdk-20
01-Feb-2024 22:57:40.132 INFO [main] org.apache.catalina.startup.VersionLoggerListener.log JVM Version:           20.0.2+9-78
01-Feb-2024 22:57:40.133 INFO [main] org.apache.catalina.startup.VersionLoggerListener.log JVM Vendor:            Oracle Corporation
01-Feb-2024 22:57:40.133 INFO [main] org.apache.catalina.startup.VersionLoggerListener.log CATALINA_BASE:         C:\Users\User\Desktop\servlet\apache-tomcat-9.0.85
01-Feb-2024 22:57:40.133 INFO [main] org.apache.catalina.startup.VersionLoggerListener.log CATALINA_HOME:         C:\Users\User\Desktop\servlet\apache-tomcat-9.0.85
01-Feb-2024 22:57:40.151 INFO [main] org.apache.catalina.startup.VersionLoggerListener.log Command line argument: -Dcatalina.home=C:\Users\User\Desktop\servlet\apache-tomcat-9.0.85
01-Feb-2024 22:57:40.151 INFO [main] org.apache.catalina.startup.VersionLoggerListener.log Command line argument: -Dcatalina.base=C:\Users\User\Desktop\servlet\apache-tomcat-9.0.85
01-Feb-2024 22:57:40.151 INFO [main] org.apache.catalina.startup.VersionLoggerListener.log Command line argument: -Dignore.endorsed.dirs=C:\Users\User\Desktop\servlet\apache-tomcat-9.0.85\endorsed
01-Feb-2024 22:57:40.151 INFO [main] org.apache.catalina.startup.VersionLoggerListener.log Command line argument: -Djava.io.tmpdir=C:\Users\User\Desktop\servlet\apache-tomcat-9.0.85\temp
01-Feb-2024 22:57:40.151 INFO [main] org.apache.catalina.startup.VersionLoggerListener.log Command line argument: -Djava.util.logging.manager=org.apache.juli.ClassLoaderLogManager
01-Feb-2024 22:57:40.152 INFO [main] org.apache.catalina.startup.VersionLoggerListener.log Command line argument: -Djava.util.logging.config.file=C:\Users\User\Desktop\servlet\apache-tomcat-9.0.85\conf\logging.properties
01-Feb-2024 22:57:40.152 INFO [main] org.apache.catalina.startup.VersionLoggerListener.log Command line argument: --add-opens=java.base/java.lang=ALL-UNNAMED
01-Feb-2024 22:57:40.152 INFO [main] org.apache.catalina.startup.VersionLoggerListener.log Command line argument: --add-opens=java.base/java.io=ALL-UNNAMED
01-Feb-2024 22:57:40.152 INFO [main] org.apache.catalina.startup.VersionLoggerListener.log Command line argument: --add-opens=java.base/java.util=ALL-UNNAMED
01-Feb-2024 22:57:40.153 INFO [main] org.apache.catalina.startup.VersionLoggerListener.log Command line argument: --add-opens=java.base/java.util.concurrent=ALL-UNNAMED
01-Feb-2024 22:57:40.153 INFO [main] org.apache.catalina.startup.VersionLoggerListener.log Command line argument: --add-opens=java.rmi/sun.rmi.transport=ALL-UNNAMED
01-Feb-2024 22:57:40.153 INFO [main] org.apache.catalina.startup.VersionLoggerListener.log Command line argument: exit
01-Feb-2024 22:57:40.154 INFO [main] org.apache.catalina.startup.VersionLoggerListener.log Command line argument: abort
01-Feb-2024 22:57:40.154 INFO [main] org.apache.catalina.startup.VersionLoggerListener.log Command line argument: -Xms128m
01-Feb-2024 22:57:40.155 INFO [main] org.apache.catalina.startup.VersionLoggerListener.log Command line argument: -Xmx256m
01-Feb-2024 22:57:40.159 INFO [main] org.apache.catalina.core.AprLifecycleListener.lifecycleEvent Loaded Apache Tomcat Native library [1.2.39] using APR version [1.7.4].
01-Feb-2024 22:57:40.159 INFO [main] org.apache.catalina.core.AprLifecycleListener.lifecycleEvent APR capabilities: IPv6 [true], sendfile [true], accept filters [false], random [true], UDS [true].
01-Feb-2024 22:57:40.159 INFO [main] org.apache.catalina.core.AprLifecycleListener.lifecycleEvent APR/OpenSSL configuration: useAprConnector [false], useOpenSSL [true]
01-Feb-2024 22:57:40.167 INFO [main] org.apache.catalina.core.AprLifecycleListener.initializeSSL OpenSSL successfully initialized [OpenSSL 3.0.11 19 Sep 2023]
01-Feb-2024 22:57:40.630 INFO [main] org.apache.coyote.AbstractProtocol.init Initializing ProtocolHandler ["http-nio-8080"]
01-Feb-2024 22:57:40.659 INFO [main] org.apache.catalina.startup.Catalina.load Server initialization in [823] milliseconds
01-Feb-2024 22:57:40.725 INFO [main] org.apache.catalina.core.StandardService.startInternal Starting service [Catalina]
01-Feb-2024 22:57:40.725 INFO [main] org.apache.catalina.core.StandardEngine.startInternal Starting Servlet engine: [Apache Tomcat/9.0.85]
01-Feb-2024 22:57:40.741 INFO [main] org.apache.catalina.startup.HostConfig.deployDirectory Deploying web application directory [C:\Users\User\Desktop\servlet\apache-tomcat-9.0.85\webapps\docs]
01-Feb-2024 22:57:41.163 INFO [main] org.apache.catalina.startup.HostConfig.deployDirectory Deployment of web application directory [C:\Users\User\Desktop\servlet\apache-tomcat-9.0.85\webapps\docs] has finished in [422] ms
01-Feb-2024 22:57:41.164 INFO [main] org.apache.catalina.startup.HostConfig.deployDirectory Deploying web application directory [C:\Users\User\Desktop\servlet\apache-tomcat-9.0.85\webapps\examples]
01-Feb-2024 22:57:41.745 INFO [main] org.apache.catalina.startup.HostConfig.deployDirectory Deployment of web application directory [C:\Users\User\Desktop\servlet\apache-tomcat-9.0.85\webapps\examples] has finished in [581] ms
01-Feb-2024 22:57:41.745 INFO [main] org.apache.catalina.startup.HostConfig.deployDirectory Deploying web application directory [C:\Users\User\Desktop\servlet\apache-tomcat-9.0.85\webapps\host-manager]
01-Feb-2024 22:57:41.796 INFO [main] org.apache.catalina.startup.HostConfig.deployDirectory Deployment of web application directory [C:\Users\User\Desktop\servlet\apache-tomcat-9.0.85\webapps\host-manager] has finished in [50] ms
01-Feb-2024 22:57:41.796 INFO [main] org.apache.catalina.startup.HostConfig.deployDirectory Deploying web application directory [C:\Users\User\Desktop\servlet\apache-tomcat-9.0.85\webapps\manager]
01-Feb-2024 22:57:41.841 INFO [main] org.apache.catalina.startup.HostConfig.deployDirectory Deployment of web application directory [C:\Users\User\Desktop\servlet\apache-tomcat-9.0.85\webapps\manager] has finished in [45] ms
01-Feb-2024 22:57:41.842 INFO [main] org.apache.catalina.startup.HostConfig.deployDirectory Deploying web application directory [C:\Users\User\Desktop\servlet\apache-tomcat-9.0.85\webapps\myServlet]
01-Feb-2024 22:57:41.907 INFO [main] org.apache.catalina.startup.HostConfig.deployDirectory Deployment of web application directory [C:\Users\User\Desktop\servlet\apache-tomcat-9.0.85\webapps\myServlet] has finished in [65] ms
01-Feb-2024 22:57:41.908 INFO [main] org.apache.catalina.startup.HostConfig.deployDirectory Deploying web application directory [C:\Users\User\Desktop\servlet\apache-tomcat-9.0.85\webapps\ROOT]
01-Feb-2024 22:57:41.934 INFO [main] org.apache.catalina.startup.HostConfig.deployDirectory Deployment of web application directory [C:\Users\User\Desktop\servlet\apache-tomcat-9.0.85\webapps\ROOT] has finished in [27] ms
01-Feb-2024 22:57:41.938 INFO [main] org.apache.coyote.AbstractProtocol.start Starting ProtocolHandler ["http-nio-8080"]
01-Feb-2024 22:57:41.988 INFO [main] org.apache.catalina.startup.Catalina.start Server startup in [1327] milliseconds
01-Feb-2024 22:59:37.918 INFO [Thread-2] org.apache.coyote.AbstractProtocol.pause Pausing ProtocolHandler ["http-nio-8080"]
01-Feb-2024 22:59:37.939 INFO [Thread-2] org.apache.catalina.core.StandardService.stopInternal Stopping service [Catalina]
01-Feb-2024 22:59:37.979 INFO [Thread-2] org.apache.coyote.AbstractProtocol.stop Stopping ProtocolHandler ["http-nio-8080"]
01-Feb-2024 22:59:37.996 INFO [Thread-2] org.apache.coyote.AbstractProtocol.destroy Destroying ProtocolHandler ["http-nio-8080"]

2024-02-01 22:59:46 Apache Commons Daemon procrun stderr initialized.
01-Feb-2024 22:59:47.443 INFO [main] org.apache.catalina.startup.VersionLoggerListener.log Server version name:   Apache Tomcat/9.0.85
01-Feb-2024 22:59:47.448 INFO [main] org.apache.catalina.startup.VersionLoggerListener.log Server built:          Jan 5 2024 08:28:07 UTC
01-Feb-2024 22:59:47.448 INFO [main] org.apache.catalina.startup.VersionLoggerListener.log Server version number: 9.0.85.0
01-Feb-2024 22:59:47.449 INFO [main] org.apache.catalina.startup.VersionLoggerListener.log OS Name:               Windows 10
01-Feb-2024 22:59:47.449 INFO [main] org.apache.catalina.startup.VersionLoggerListener.log OS Version:            10.0
01-Feb-2024 22:59:47.449 INFO [main] org.apache.catalina.startup.VersionLoggerListener.log Architecture:          amd64
01-Feb-2024 22:59:47.449 INFO [main] org.apache.catalina.startup.VersionLoggerListener.log Java Home:             C:\Program Files\Java\jdk-20
01-Feb-2024 22:59:47.449 INFO [main] org.apache.catalina.startup.VersionLoggerListener.log JVM Version:           20.0.2+9-78
01-Feb-2024 22:59:47.449 INFO [main] org.apache.catalina.startup.VersionLoggerListener.log JVM Vendor:            Oracle Corporation
01-Feb-2024 22:59:47.450 INFO [main] org.apache.catalina.startup.VersionLoggerListener.log CATALINA_BASE:         C:\Users\User\Desktop\servlet\apache-tomcat-9.0.85
01-Feb-2024 22:59:47.450 INFO [main] org.apache.catalina.startup.VersionLoggerListener.log CATALINA_HOME:         C:\Users\User\Desktop\servlet\apache-tomcat-9.0.85
01-Feb-2024 22:59:47.465 INFO [main] org.apache.catalina.startup.VersionLoggerListener.log Command line argument: -Dcatalina.home=C:\Users\User\Desktop\servlet\apache-tomcat-9.0.85
01-Feb-2024 22:59:47.466 INFO [main] org.apache.catalina.startup.VersionLoggerListener.log Command line argument: -Dcatalina.base=C:\Users\User\Desktop\servlet\apache-tomcat-9.0.85
01-Feb-2024 22:59:47.466 INFO [main] org.apache.catalina.startup.VersionLoggerListener.log Command line argument: -Dignore.endorsed.dirs=C:\Users\User\Desktop\servlet\apache-tomcat-9.0.85\endorsed
01-Feb-2024 22:59:47.466 INFO [main] org.apache.catalina.startup.VersionLoggerListener.log Command line argument: -Djava.io.tmpdir=C:\Users\User\Desktop\servlet\apache-tomcat-9.0.85\temp
01-Feb-2024 22:59:47.466 INFO [main] org.apache.catalina.startup.VersionLoggerListener.log Command line argument: -Djava.util.logging.manager=org.apache.juli.ClassLoaderLogManager
01-Feb-2024 22:59:47.466 INFO [main] org.apache.catalina.startup.VersionLoggerListener.log Command line argument: -Djava.util.logging.config.file=C:\Users\User\Desktop\servlet\apache-tomcat-9.0.85\conf\logging.properties
01-Feb-2024 22:59:47.466 INFO [main] org.apache.catalina.startup.VersionLoggerListener.log Command line argument: --add-opens=java.base/java.lang=ALL-UNNAMED
01-Feb-2024 22:59:47.466 INFO [main] org.apache.catalina.startup.VersionLoggerListener.log Command line argument: --add-opens=java.base/java.io=ALL-UNNAMED
01-Feb-2024 22:59:47.467 INFO [main] org.apache.catalina.startup.VersionLoggerListener.log Command line argument: --add-opens=java.base/java.util=ALL-UNNAMED
01-Feb-2024 22:59:47.467 INFO [main] org.apache.catalina.startup.VersionLoggerListener.log Command line argument: --add-opens=java.base/java.util.concurrent=ALL-UNNAMED
01-Feb-2024 22:59:47.467 INFO [main] org.apache.catalina.startup.VersionLoggerListener.log Command line argument: --add-opens=java.rmi/sun.rmi.transport=ALL-UNNAMED
01-Feb-2024 22:59:47.467 INFO [main] org.apache.catalina.startup.VersionLoggerListener.log Command line argument: exit
01-Feb-2024 22:59:47.468 INFO [main] org.apache.catalina.startup.VersionLoggerListener.log Command line argument: abort
01-Feb-2024 22:59:47.468 INFO [main] org.apache.catalina.startup.VersionLoggerListener.log Command line argument: -Xms128m
01-Feb-2024 22:59:47.468 INFO [main] org.apache.catalina.startup.VersionLoggerListener.log Command line argument: -Xmx256m
01-Feb-2024 22:59:47.473 INFO [main] org.apache.catalina.core.AprLifecycleListener.lifecycleEvent Loaded Apache Tomcat Native library [1.2.39] using APR version [1.7.4].
01-Feb-2024 22:59:47.474 INFO [main] org.apache.catalina.core.AprLifecycleListener.lifecycleEvent APR capabilities: IPv6 [true], sendfile [true], accept filters [false], random [true], UDS [true].
01-Feb-2024 22:59:47.474 INFO [main] org.apache.catalina.core.AprLifecycleListener.lifecycleEvent APR/OpenSSL configuration: useAprConnector [false], useOpenSSL [true]
01-Feb-2024 22:59:47.482 INFO [main] org.apache.catalina.core.AprLifecycleListener.initializeSSL OpenSSL successfully initialized [OpenSSL 3.0.11 19 Sep 2023]
01-Feb-2024 22:59:47.954 INFO [main] org.apache.coyote.AbstractProtocol.init Initializing ProtocolHandler ["http-nio-8080"]
01-Feb-2024 22:59:47.989 INFO [main] org.apache.catalina.startup.Catalina.load Server initialization in [845] milliseconds
01-Feb-2024 22:59:48.052 INFO [main] org.apache.catalina.core.StandardService.startInternal Starting service [Catalina]
01-Feb-2024 22:59:48.053 INFO [main] org.apache.catalina.core.StandardEngine.startInternal Starting Servlet engine: [Apache Tomcat/9.0.85]
01-Feb-2024 22:59:48.070 INFO [main] org.apache.catalina.startup.HostConfig.deployDirectory Deploying web application directory [C:\Users\User\Desktop\servlet\apache-tomcat-9.0.85\webapps\docs]
01-Feb-2024 22:59:48.494 INFO [main] org.apache.catalina.startup.HostConfig.deployDirectory Deployment of web application directory [C:\Users\User\Desktop\servlet\apache-tomcat-9.0.85\webapps\docs] has finished in [424] ms
01-Feb-2024 22:59:48.495 INFO [main] org.apache.catalina.startup.HostConfig.deployDirectory Deploying web application directory [C:\Users\User\Desktop\servlet\apache-tomcat-9.0.85\webapps\examples]
01-Feb-2024 22:59:48.967 INFO [main] org.apache.catalina.startup.HostConfig.deployDirectory Deployment of web application directory [C:\Users\User\Desktop\servlet\apache-tomcat-9.0.85\webapps\examples] has finished in [473] ms
01-Feb-2024 22:59:48.968 INFO [main] org.apache.catalina.startup.HostConfig.deployDirectory Deploying web application directory [C:\Users\User\Desktop\servlet\apache-tomcat-9.0.85\webapps\host-manager]
01-Feb-2024 22:59:49.013 INFO [main] org.apache.catalina.startup.HostConfig.deployDirectory Deployment of web application directory [C:\Users\User\Desktop\servlet\apache-tomcat-9.0.85\webapps\host-manager] has finished in [45] ms
01-Feb-2024 22:59:49.014 INFO [main] org.apache.catalina.startup.HostConfig.deployDirectory Deploying web application directory [C:\Users\User\Desktop\servlet\apache-tomcat-9.0.85\webapps\manager]
01-Feb-2024 22:59:49.045 INFO [main] org.apache.catalina.startup.HostConfig.deployDirectory Deployment of web application directory [C:\Users\User\Desktop\servlet\apache-tomcat-9.0.85\webapps\manager] has finished in [31] ms
01-Feb-2024 22:59:49.046 INFO [main] org.apache.catalina.startup.HostConfig.deployDirectory Deploying web application directory [C:\Users\User\Desktop\servlet\apache-tomcat-9.0.85\webapps\myServlet]
01-Feb-2024 22:59:49.074 INFO [main] org.apache.catalina.startup.HostConfig.deployDirectory Deployment of web application directory [C:\Users\User\Desktop\servlet\apache-tomcat-9.0.85\webapps\myServlet] has finished in [29] ms
01-Feb-2024 22:59:49.074 INFO [main] org.apache.catalina.startup.HostConfig.deployDirectory Deploying web application directory [C:\Users\User\Desktop\servlet\apache-tomcat-9.0.85\webapps\ROOT]
01-Feb-2024 22:59:49.097 INFO [main] org.apache.catalina.startup.HostConfig.deployDirectory Deployment of web application directory [C:\Users\User\Desktop\servlet\apache-tomcat-9.0.85\webapps\ROOT] has finished in [22] ms
01-Feb-2024 22:59:49.101 INFO [main] org.apache.coyote.AbstractProtocol.start Starting ProtocolHandler ["http-nio-8080"]
01-Feb-2024 22:59:49.155 INFO [main] org.apache.catalina.startup.Catalina.start Server startup in [1163] milliseconds
01-Feb-2024 23:00:46.432 INFO [Thread-2] org.apache.coyote.AbstractProtocol.pause Pausing ProtocolHandler ["http-nio-8080"]
01-Feb-2024 23:00:46.449 INFO [Thread-2] org.apache.catalina.core.StandardService.stopInternal Stopping service [Catalina]
01-Feb-2024 23:00:46.486 INFO [Thread-2] org.apache.coyote.AbstractProtocol.stop Stopping ProtocolHandler ["http-nio-8080"]
01-Feb-2024 23:00:46.493 INFO [Thread-2] org.apache.coyote.AbstractProtocol.destroy Destroying ProtocolHandler ["http-nio-8080"]

2024-02-01 23:00:55 Apache Commons Daemon procrun stderr initialized.
01-Feb-2024 23:00:56.385 INFO [main] org.apache.catalina.startup.VersionLoggerListener.log Server version name:   Apache Tomcat/9.0.85
01-Feb-2024 23:00:56.391 INFO [main] org.apache.catalina.startup.VersionLoggerListener.log Server built:          Jan 5 2024 08:28:07 UTC
01-Feb-2024 23:00:56.391 INFO [main] org.apache.catalina.startup.VersionLoggerListener.log Server version number: 9.0.85.0
01-Feb-2024 23:00:56.391 INFO [main] org.apache.catalina.startup.VersionLoggerListener.log OS Name:               Windows 10
01-Feb-2024 23:00:56.391 INFO [main] org.apache.catalina.startup.VersionLoggerListener.log OS Version:            10.0
01-Feb-2024 23:00:56.391 INFO [main] org.apache.catalina.startup.VersionLoggerListener.log Architecture:          amd64
01-Feb-2024 23:00:56.392 INFO [main] org.apache.catalina.startup.VersionLoggerListener.log Java Home:             C:\Program Files\Java\jdk-20
01-Feb-2024 23:00:56.392 INFO [main] org.apache.catalina.startup.VersionLoggerListener.log JVM Version:           20.0.2+9-78
01-Feb-2024 23:00:56.392 INFO [main] org.apache.catalina.startup.VersionLoggerListener.log JVM Vendor:            Oracle Corporation
01-Feb-2024 23:00:56.392 INFO [main] org.apache.catalina.startup.VersionLoggerListener.log CATALINA_BASE:         C:\Users\User\Desktop\servlet\apache-tomcat-9.0.85
01-Feb-2024 23:00:56.392 INFO [main] org.apache.catalina.startup.VersionLoggerListener.log CATALINA_HOME:         C:\Users\User\Desktop\servlet\apache-tomcat-9.0.85
01-Feb-2024 23:00:56.408 INFO [main] org.apache.catalina.startup.VersionLoggerListener.log Command line argument: -Dcatalina.home=C:\Users\User\Desktop\servlet\apache-tomcat-9.0.85
01-Feb-2024 23:00:56.408 INFO [main] org.apache.catalina.startup.VersionLoggerListener.log Command line argument: -Dcatalina.base=C:\Users\User\Desktop\servlet\apache-tomcat-9.0.85
01-Feb-2024 23:00:56.408 INFO [main] org.apache.catalina.startup.VersionLoggerListener.log Command line argument: -Dignore.endorsed.dirs=C:\Users\User\Desktop\servlet\apache-tomcat-9.0.85\endorsed
01-Feb-2024 23:00:56.410 INFO [main] org.apache.catalina.startup.VersionLoggerListener.log Command line argument: -Djava.io.tmpdir=C:\Users\User\Desktop\servlet\apache-tomcat-9.0.85\temp
01-Feb-2024 23:00:56.410 INFO [main] org.apache.catalina.startup.VersionLoggerListener.log Command line argument: -Djava.util.logging.manager=org.apache.juli.ClassLoaderLogManager
01-Feb-2024 23:00:56.410 INFO [main] org.apache.catalina.startup.VersionLoggerListener.log Command line argument: -Djava.util.logging.config.file=C:\Users\User\Desktop\servlet\apache-tomcat-9.0.85\conf\logging.properties
01-Feb-2024 23:00:56.410 INFO [main] org.apache.catalina.startup.VersionLoggerListener.log Command line argument: --add-opens=java.base/java.lang=ALL-UNNAMED
01-Feb-2024 23:00:56.411 INFO [main] org.apache.catalina.startup.VersionLoggerListener.log Command line argument: --add-opens=java.base/java.io=ALL-UNNAMED
01-Feb-2024 23:00:56.411 INFO [main] org.apache.catalina.startup.VersionLoggerListener.log Command line argument: --add-opens=java.base/java.util=ALL-UNNAMED
01-Feb-2024 23:00:56.411 INFO [main] org.apache.catalina.startup.VersionLoggerListener.log Command line argument: --add-opens=java.base/java.util.concurrent=ALL-UNNAMED
01-Feb-2024 23:00:56.411 INFO [main] org.apache.catalina.startup.VersionLoggerListener.log Command line argument: --add-opens=java.rmi/sun.rmi.transport=ALL-UNNAMED
01-Feb-2024 23:00:56.412 INFO [main] org.apache.catalina.startup.VersionLoggerListener.log Command line argument: exit
01-Feb-2024 23:00:56.412 INFO [main] org.apache.catalina.startup.VersionLoggerListener.log Command line argument: abort
01-Feb-2024 23:00:56.412 INFO [main] org.apache.catalina.startup.VersionLoggerListener.log Command line argument: -Xms128m
01-Feb-2024 23:00:56.412 INFO [main] org.apache.catalina.startup.VersionLoggerListener.log Command line argument: -Xmx256m
01-Feb-2024 23:00:56.416 INFO [main] org.apache.catalina.core.AprLifecycleListener.lifecycleEvent Loaded Apache Tomcat Native library [1.2.39] using APR version [1.7.4].
01-Feb-2024 23:00:56.417 INFO [main] org.apache.catalina.core.AprLifecycleListener.lifecycleEvent APR capabilities: IPv6 [true], sendfile [true], accept filters [false], random [true], UDS [true].
01-Feb-2024 23:00:56.417 INFO [main] org.apache.catalina.core.AprLifecycleListener.lifecycleEvent APR/OpenSSL configuration: useAprConnector [false], useOpenSSL [true]
01-Feb-2024 23:00:56.425 INFO [main] org.apache.catalina.core.AprLifecycleListener.initializeSSL OpenSSL successfully initialized [OpenSSL 3.0.11 19 Sep 2023]
01-Feb-2024 23:00:56.915 INFO [main] org.apache.coyote.AbstractProtocol.init Initializing ProtocolHandler ["http-nio-8080"]
01-Feb-2024 23:00:56.957 INFO [main] org.apache.catalina.startup.Catalina.load Server initialization in [879] milliseconds
01-Feb-2024 23:00:57.043 INFO [main] org.apache.catalina.core.StandardService.startInternal Starting service [Catalina]
01-Feb-2024 23:00:57.044 INFO [main] org.apache.catalina.core.StandardEngine.startInternal Starting Servlet engine: [Apache Tomcat/9.0.85]
01-Feb-2024 23:00:57.059 INFO [main] org.apache.catalina.startup.HostConfig.deployDirectory Deploying web application directory [C:\Users\User\Desktop\servlet\apache-tomcat-9.0.85\webapps\docs]
01-Feb-2024 23:00:57.585 INFO [main] org.apache.catalina.startup.HostConfig.deployDirectory Deployment of web application directory [C:\Users\User\Desktop\servlet\apache-tomcat-9.0.85\webapps\docs] has finished in [525] ms
01-Feb-2024 23:00:57.586 INFO [main] org.apache.catalina.startup.HostConfig.deployDirectory Deploying web application directory [C:\Users\User\Desktop\servlet\apache-tomcat-9.0.85\webapps\examples]
01-Feb-2024 23:00:58.169 INFO [main] org.apache.catalina.startup.HostConfig.deployDirectory Deployment of web application directory [C:\Users\User\Desktop\servlet\apache-tomcat-9.0.85\webapps\examples] has finished in [582] ms
01-Feb-2024 23:00:58.169 INFO [main] org.apache.catalina.startup.HostConfig.deployDirectory Deploying web application directory [C:\Users\User\Desktop\servlet\apache-tomcat-9.0.85\webapps\host-manager]
01-Feb-2024 23:00:58.214 INFO [main] org.apache.catalina.startup.HostConfig.deployDirectory Deployment of web application directory [C:\Users\User\Desktop\servlet\apache-tomcat-9.0.85\webapps\host-manager] has finished in [44] ms
01-Feb-2024 23:00:58.214 INFO [main] org.apache.catalina.startup.HostConfig.deployDirectory Deploying web application directory [C:\Users\User\Desktop\servlet\apache-tomcat-9.0.85\webapps\manager]
01-Feb-2024 23:00:58.257 INFO [main] org.apache.catalina.startup.HostConfig.deployDirectory Deployment of web application directory [C:\Users\User\Desktop\servlet\apache-tomcat-9.0.85\webapps\manager] has finished in [43] ms
01-Feb-2024 23:00:58.258 INFO [main] org.apache.catalina.startup.HostConfig.deployDirectory Deploying web application directory [C:\Users\User\Desktop\servlet\apache-tomcat-9.0.85\webapps\myServlet]
01-Feb-2024 23:00:58.293 INFO [main] org.apache.catalina.startup.HostConfig.deployDirectory Deployment of web application directory [C:\Users\User\Desktop\servlet\apache-tomcat-9.0.85\webapps\myServlet] has finished in [36] ms
01-Feb-2024 23:00:58.293 INFO [main] org.apache.catalina.startup.HostConfig.deployDirectory Deploying web application directory [C:\Users\User\Desktop\servlet\apache-tomcat-9.0.85\webapps\ROOT]
01-Feb-2024 23:00:58.323 INFO [main] org.apache.catalina.startup.HostConfig.deployDirectory Deployment of web application directory [C:\Users\User\Desktop\servlet\apache-tomcat-9.0.85\webapps\ROOT] has finished in [30] ms
01-Feb-2024 23:00:58.329 INFO [main] org.apache.coyote.AbstractProtocol.start Starting ProtocolHandler ["http-nio-8080"]
01-Feb-2024 23:00:58.382 INFO [main] org.apache.catalina.startup.Catalina.start Server startup in [1423] milliseconds
